[debug] [2019-09-02T08:08:15.985Z] ----------------------------------------------------------------------
[debug] [2019-09-02T08:08:15.987Z] Command:       /home/conectate/.nvm/versions/node/v11.6.0/bin/node /home/conectate/.nvm/versions/node/v11.6.0/bin/firebase deploy
[debug] [2019-09-02T08:08:15.987Z] CLI Version:   7.3.0
[debug] [2019-09-02T08:08:15.987Z] Platform:      linux
[debug] [2019-09-02T08:08:15.987Z] Node Version:  v11.6.0
[debug] [2019-09-02T08:08:15.988Z] Time:          Mon Sep 02 2019 02:08:15 GMT-0600 (GMT-06:00)
[debug] [2019-09-02T08:08:15.988Z] ----------------------------------------------------------------------
[debug] 
[debug] [2019-09-02T08:08:15.995Z] > command requires scopes: ["email","openid","https://www.googleapis.com/auth/cloudplatformprojects.readonly","https://www.googleapis.com/auth/firebase","https://www.googleapis.com/auth/cloud-platform"]
[debug] [2019-09-02T08:08:15.996Z] > authorizing via signed-in user
[debug] [2019-09-02T08:08:15.996Z] [iam] checking project fiusac for permissions ["cloudfunctions.functions.create","cloudfunctions.functions.delete","cloudfunctions.functions.get","cloudfunctions.functions.list","cloudfunctions.functions.update","cloudfunctions.operations.get","firebase.projects.get","firebasehosting.sites.update"]
[debug] [2019-09-02T08:08:15.997Z] > refreshing access token with scopes: ["email","https://www.googleapis.com/auth/cloud-platform","https://www.googleapis.com/auth/cloudplatformprojects.readonly","https://www.googleapis.com/auth/firebase","openid"]
[debug] [2019-09-02T08:08:15.997Z] >>> HTTP REQUEST POST https://www.googleapis.com/oauth2/v3/token  
 <request body omitted>
[debug] [2019-09-02T08:08:16.260Z] <<< HTTP RESPONSE 200
[debug] [2019-09-02T08:08:16.297Z] >>> HTTP REQUEST POST https://cloudresourcemanager.googleapis.com/v1/projects/fiusac:testIamPermissions  

[debug] [2019-09-02T08:08:16.748Z] <<< HTTP RESPONSE 200
[debug] [2019-09-02T08:08:16.754Z] >>> HTTP REQUEST GET https://firebase.googleapis.com/v1beta1/projects/fiusac  
 
[debug] [2019-09-02T08:08:17.260Z] <<< HTTP RESPONSE 200
[info] 
[info] === Deploying to 'fiusac'...
[info] 
[info] i  deploying functions, hosting
[debug] [2019-09-02T08:08:18.510Z] > [functions] package.json contents: {
  "name": "functions",
  "description": "Cloud Functions for Firebase",
  "scripts": {
    "serve": "firebase serve --only functions",
    "shell": "firebase functions:shell",
    "start": "npm run shell",
    "deploy": "firebase deploy --only functions",
    "logs": "firebase functions:log"
  },
  "engines": {
    "node": "10"
  },
  "dependencies": {
    "firebase-admin": "^8.0.0",
    "firebase-functions": "^3.1.0"
  },
  "devDependencies": {
    "firebase-functions-test": "^0.1.6"
  },
  "private": true
}
[info] i  functions: ensuring necessary APIs are enabled...
[debug] [2019-09-02T08:08:18.511Z] >>> HTTP REQUEST GET https://serviceusage.googleapis.com/v1/projects/fiusac/services/cloudfunctions.googleapis.com  
 
[debug] [2019-09-02T08:08:18.511Z] >>> HTTP REQUEST GET https://serviceusage.googleapis.com/v1/projects/fiusac/services/runtimeconfig.googleapis.com  
 
[debug] [2019-09-02T08:08:19.005Z] <<< HTTP RESPONSE 200
[debug] [2019-09-02T08:08:19.093Z] <<< HTTP RESPONSE 200
[info] ✔  functions: all necessary APIs are enabled
[debug] [2019-09-02T08:08:19.094Z] >>> HTTP REQUEST GET https://firebase.googleapis.com/v1beta1/projects/fiusac/adminSdkConfig  
 
[debug] [2019-09-02T08:08:19.615Z] <<< HTTP RESPONSE 200
[debug] [2019-09-02T08:08:19.618Z] >>> HTTP REQUEST POST https://firebasehosting.googleapis.com/v1beta1/sites/fiusac/versions  

[debug] [2019-09-02T08:08:20.615Z] <<< HTTP RESPONSE 200
[info] i  functions: preparing functions directory for uploading...
[debug] [2019-09-02T08:08:20.623Z] >>> HTTP REQUEST GET https://runtimeconfig.googleapis.com/v1beta1/projects/fiusac/configs  
 
[debug] [2019-09-02T08:08:21.150Z] <<< HTTP RESPONSE 200
[info] i  functions: packaged functions (24.27 KB) for uploading
[debug] [2019-09-02T08:08:21.409Z] >>> HTTP REQUEST POST https://cloudfunctions.googleapis.com/v1/projects/fiusac/locations/us-central1/functions:generateUploadUrl  
 
[debug] [2019-09-02T08:08:22.362Z] <<< HTTP RESPONSE 200
[debug] [2019-09-02T08:08:22.363Z] >>> HTTP REQUEST PUT https://storage.googleapis.com/gcf-upload-us-central1-151237c3-8720-4301-a1e5-d30429879397/7c62013b-00e5-46ec-b975-0c6827bcbfde.zip?GoogleAccessId=service-980983277469@gcf-admin-robot.iam.gserviceaccount.com&Expires=1567413502&Signature=mJIUWf6XVkxEu6FUPr6KIysYh%2Bj2kCoSQ8ExH5Wpi4ppZ%2FVMce1hRfIrlX9n48UE%2FDBUed2ft7YaYIyBI3IQwPb5s0SAmvQpVHCF2WV9dn6nCagnEQU0LM5In7g0Qi9cV7NVsAO6Oxa5zNR9hW624AoskMaOOuPpueF5%2BgqmNUqbRyNYsJG%2BWiPZheU%2BaDK0rMImZ%2Fiz9lxR%2F%2BmsVeut6pVCawxk0FMBTTIZSbLNlXb5nwUwHasI1HFpo46xJNaQojPlyYdWTNi2slZA1W6%2FFBIdNCfpKNTY4OEqW6cmL7%2BGjWyMgUo1pmemAlGd8Fozy47a16kV65drcBGwGCMxJA%3D%3D  
 <request body omitted>
[debug] [2019-09-02T08:08:22.891Z] <<< HTTP RESPONSE 200
[info] ✔  functions: functions folder uploaded successfully
[info] i  hosting[fiusac]: beginning deploy...
[info] i  hosting[fiusac]: found 27 files in build
[debug] [2019-09-02T08:08:22.921Z] [hosting] hash cache [YnVpbGQ] load error: lines is not defined
[debug] [2019-09-02T08:08:23.751Z] [hosting] hash cache [YnVpbGQ] stored for 27 files
[debug] [2019-09-02T08:08:23.751Z] [hosting][hash queue][FINAL]
[debug] [2019-09-02T08:08:23.752Z] >>> HTTP REQUEST POST https://firebasehosting.googleapis.com/v1beta1/sites/fiusac/versions/9065630c52de0ca9:populateFiles  
 <request body omitted>
[debug] [2019-09-02T08:08:24.711Z] <<< HTTP RESPONSE 200
[debug] [2019-09-02T08:08:24.718Z] [hosting][populate queue][FINAL]
[debug] [2019-09-02T08:08:24.718Z] [hosting] uploads queued: 10
[debug] [2019-09-02T08:08:36.819Z] [hosting][upload queue][FINAL]
[info] ✔  hosting[fiusac]: file upload complete
[debug] [2019-09-02T08:08:36.820Z] [hosting] deploy completed after 13926ms
[debug] [2019-09-02T08:08:36.823Z] >>> HTTP REQUEST GET https://cloudfunctions.googleapis.com/v1/projects/fiusac/locations/-/functions  
 
[debug] [2019-09-02T08:08:37.437Z] <<< HTTP RESPONSE 200
[info] i  functions: updating Node.js 10 (Beta) function setNewUser(us-central1)...
[debug] [2019-09-02T08:08:37.442Z] Trigger is:  {"eventTrigger":{"resource":"projects/fiusac","eventType":"providers/firebase.auth/eventTypes/user.create","service":"firebaseauth.googleapis.com"}}
[info] i  functions: updating Node.js 10 (Beta) function deleteUser(us-central1)...
[debug] [2019-09-02T08:08:37.443Z] Trigger is:  {"eventTrigger":{"resource":"projects/fiusac","eventType":"providers/firebase.auth/eventTypes/user.delete","service":"firebaseauth.googleapis.com"}}
[debug] [2019-09-02T08:08:37.444Z] >>> HTTP REQUEST GET https://serviceusage.googleapis.com/v1/projects/fiusac/services/cloudscheduler.googleapis.com  
 
[debug] [2019-09-02T08:08:37.780Z] <<< HTTP RESPONSE 200
[debug] [2019-09-02T08:08:37.787Z] >>> HTTP REQUEST PATCH https://cloudfunctions.googleapis.com/v1/projects/fiusac/locations/us-central1/functions/setNewUser {"updateMask":"sourceUploadUrl,name,labels,runtime,eventTrigger.resource,eventTrigger.eventType,eventTrigger.service"} 

[debug] [2019-09-02T08:08:37.790Z] >>> HTTP REQUEST PATCH https://cloudfunctions.googleapis.com/v1/projects/fiusac/locations/us-central1/functions/deleteUser {"updateMask":"sourceUploadUrl,name,labels,runtime,eventTrigger.resource,eventTrigger.eventType,eventTrigger.service"} 

[debug] [2019-09-02T08:08:38.575Z] <<< HTTP RESPONSE 200
[debug] [2019-09-02T08:08:38.581Z] <<< HTTP RESPONSE 200
[debug] [2019-09-02T08:08:38.584Z] >>> HTTP REQUEST GET https://cloudfunctions.googleapis.com/v1/operations/Zml1c2FjL3VzLWNlbnRyYWwxL3NldE5ld1VzZXIvaWQ1N3FYdVQtWkk  
 
[debug] [2019-09-02T08:08:38.585Z] >>> HTTP REQUEST GET https://cloudfunctions.googleapis.com/v1/operations/Zml1c2FjL3VzLWNlbnRyYWwxL2RlbGV0ZVVzZXIvRnp5d3htMGN3TVk  
 
[debug] [2019-09-02T08:08:39.075Z] <<< HTTP RESPONSE 200
[debug] [2019-09-02T08:08:39.076Z] <<< HTTP RESPONSE 200
[debug] [2019-09-02T08:08:41.078Z] >>> HTTP REQUEST GET https://cloudfunctions.googleapis.com/v1/operations/Zml1c2FjL3VzLWNlbnRyYWwxL2RlbGV0ZVVzZXIvRnp5d3htMGN3TVk  
 
[debug] [2019-09-02T08:08:41.079Z] >>> HTTP REQUEST GET https://cloudfunctions.googleapis.com/v1/operations/Zml1c2FjL3VzLWNlbnRyYWwxL3NldE5ld1VzZXIvaWQ1N3FYdVQtWkk  
 
[debug] [2019-09-02T08:08:41.552Z] <<< HTTP RESPONSE 200
[debug] [2019-09-02T08:08:41.625Z] <<< HTTP RESPONSE 200
[debug] [2019-09-02T08:08:43.556Z] >>> HTTP REQUEST GET https://cloudfunctions.googleapis.com/v1/operations/Zml1c2FjL3VzLWNlbnRyYWwxL3NldE5ld1VzZXIvaWQ1N3FYdVQtWkk  
 
[debug] [2019-09-02T08:08:43.627Z] >>> HTTP REQUEST GET https://cloudfunctions.googleapis.com/v1/operations/Zml1c2FjL3VzLWNlbnRyYWwxL2RlbGV0ZVVzZXIvRnp5d3htMGN3TVk  
 
[debug] [2019-09-02T08:08:44.056Z] <<< HTTP RESPONSE 200
[debug] [2019-09-02T08:08:44.262Z] <<< HTTP RESPONSE 200
[debug] [2019-09-02T08:08:46.059Z] >>> HTTP REQUEST GET https://cloudfunctions.googleapis.com/v1/operations/Zml1c2FjL3VzLWNlbnRyYWwxL3NldE5ld1VzZXIvaWQ1N3FYdVQtWkk  
 
[debug] [2019-09-02T08:08:46.263Z] >>> HTTP REQUEST GET https://cloudfunctions.googleapis.com/v1/operations/Zml1c2FjL3VzLWNlbnRyYWwxL2RlbGV0ZVVzZXIvRnp5d3htMGN3TVk  
 
[debug] [2019-09-02T08:08:46.728Z] <<< HTTP RESPONSE 200
[debug] [2019-09-02T08:08:46.934Z] <<< HTTP RESPONSE 200
[debug] [2019-09-02T08:08:48.732Z] >>> HTTP REQUEST GET https://cloudfunctions.googleapis.com/v1/operations/Zml1c2FjL3VzLWNlbnRyYWwxL3NldE5ld1VzZXIvaWQ1N3FYdVQtWkk  
 
[debug] [2019-09-02T08:08:48.936Z] >>> HTTP REQUEST GET https://cloudfunctions.googleapis.com/v1/operations/Zml1c2FjL3VzLWNlbnRyYWwxL2RlbGV0ZVVzZXIvRnp5d3htMGN3TVk  
 
[debug] [2019-09-02T08:08:49.079Z] <<< HTTP RESPONSE 200
[debug] [2019-09-02T08:08:49.413Z] <<< HTTP RESPONSE 200
[debug] [2019-09-02T08:08:51.082Z] >>> HTTP REQUEST GET https://cloudfunctions.googleapis.com/v1/operations/Zml1c2FjL3VzLWNlbnRyYWwxL3NldE5ld1VzZXIvaWQ1N3FYdVQtWkk  
 
[debug] [2019-09-02T08:08:51.414Z] >>> HTTP REQUEST GET https://cloudfunctions.googleapis.com/v1/operations/Zml1c2FjL3VzLWNlbnRyYWwxL2RlbGV0ZVVzZXIvRnp5d3htMGN3TVk  
 
[debug] [2019-09-02T08:08:51.431Z] <<< HTTP RESPONSE 200
[debug] [2019-09-02T08:08:51.871Z] <<< HTTP RESPONSE 200
[debug] [2019-09-02T08:08:53.433Z] >>> HTTP REQUEST GET https://cloudfunctions.googleapis.com/v1/operations/Zml1c2FjL3VzLWNlbnRyYWwxL3NldE5ld1VzZXIvaWQ1N3FYdVQtWkk  
 
[debug] [2019-09-02T08:08:53.872Z] >>> HTTP REQUEST GET https://cloudfunctions.googleapis.com/v1/operations/Zml1c2FjL3VzLWNlbnRyYWwxL2RlbGV0ZVVzZXIvRnp5d3htMGN3TVk  
 
[debug] [2019-09-02T08:08:53.883Z] <<< HTTP RESPONSE 200
[debug] [2019-09-02T08:08:54.110Z] <<< HTTP RESPONSE 200
[debug] [2019-09-02T08:08:55.886Z] >>> HTTP REQUEST GET https://cloudfunctions.googleapis.com/v1/operations/Zml1c2FjL3VzLWNlbnRyYWwxL3NldE5ld1VzZXIvaWQ1N3FYdVQtWkk  
 
[debug] [2019-09-02T08:08:56.111Z] >>> HTTP REQUEST GET https://cloudfunctions.googleapis.com/v1/operations/Zml1c2FjL3VzLWNlbnRyYWwxL2RlbGV0ZVVzZXIvRnp5d3htMGN3TVk  
 
[debug] [2019-09-02T08:08:56.271Z] <<< HTTP RESPONSE 200
[debug] [2019-09-02T08:08:56.316Z] <<< HTTP RESPONSE 200
[debug] [2019-09-02T08:08:58.277Z] >>> HTTP REQUEST GET https://cloudfunctions.googleapis.com/v1/operations/Zml1c2FjL3VzLWNlbnRyYWwxL3NldE5ld1VzZXIvaWQ1N3FYdVQtWkk  
 
[debug] [2019-09-02T08:08:58.317Z] >>> HTTP REQUEST GET https://cloudfunctions.googleapis.com/v1/operations/Zml1c2FjL3VzLWNlbnRyYWwxL2RlbGV0ZVVzZXIvRnp5d3htMGN3TVk  
 
[debug] [2019-09-02T08:08:58.518Z] <<< HTTP RESPONSE 200
[debug] [2019-09-02T08:08:58.532Z] <<< HTTP RESPONSE 200
[debug] [2019-09-02T08:09:00.521Z] >>> HTTP REQUEST GET https://cloudfunctions.googleapis.com/v1/operations/Zml1c2FjL3VzLWNlbnRyYWwxL3NldE5ld1VzZXIvaWQ1N3FYdVQtWkk  
 
[debug] [2019-09-02T08:09:00.532Z] >>> HTTP REQUEST GET https://cloudfunctions.googleapis.com/v1/operations/Zml1c2FjL3VzLWNlbnRyYWwxL2RlbGV0ZVVzZXIvRnp5d3htMGN3TVk  
 
[debug] [2019-09-02T08:09:00.752Z] <<< HTTP RESPONSE 200
[debug] [2019-09-02T08:09:00.983Z] <<< HTTP RESPONSE 200
[debug] [2019-09-02T08:09:02.755Z] >>> HTTP REQUEST GET https://cloudfunctions.googleapis.com/v1/operations/Zml1c2FjL3VzLWNlbnRyYWwxL2RlbGV0ZVVzZXIvRnp5d3htMGN3TVk  
 
[debug] [2019-09-02T08:09:02.985Z] >>> HTTP REQUEST GET https://cloudfunctions.googleapis.com/v1/operations/Zml1c2FjL3VzLWNlbnRyYWwxL3NldE5ld1VzZXIvaWQ1N3FYdVQtWkk  
 
[debug] [2019-09-02T08:09:03.097Z] <<< HTTP RESPONSE 200
[debug] [2019-09-02T08:09:03.441Z] <<< HTTP RESPONSE 200
[debug] [2019-09-02T08:09:05.100Z] >>> HTTP REQUEST GET https://cloudfunctions.googleapis.com/v1/operations/Zml1c2FjL3VzLWNlbnRyYWwxL2RlbGV0ZVVzZXIvRnp5d3htMGN3TVk  
 
[debug] [2019-09-02T08:09:05.442Z] >>> HTTP REQUEST GET https://cloudfunctions.googleapis.com/v1/operations/Zml1c2FjL3VzLWNlbnRyYWwxL3NldE5ld1VzZXIvaWQ1N3FYdVQtWkk  
 
[debug] [2019-09-02T08:09:05.455Z] <<< HTTP RESPONSE 200
[debug] [2019-09-02T08:09:05.899Z] <<< HTTP RESPONSE 200
